<?xml version="1.0" encoding="UTF-8"?>
<!-- Generated by org.testng.reporters.JUnitReportReporter -->
<testsuite hostname="Rohiths-MacBook-Pro.local" failures="0" tests="4" name="testscript.LoginTest" time="66.563" errors="0" timestamp="2026-08-18T19:56:19 IST" skipped="0">
  <testcase classname="testscript.LoginTest" name="verifyUserUnabletoLoginwithInvalidCredentials" time="15.228"/>
  <testcase classname="testscript.LoginTest" name="loginWithValidCredentials" time="15.942"/>
  <testcase classname="testscript.LoginTest" name="verifyLoginwithInvalidUsernameAndValidPassword" time="17.069"/>
  <testcase classname="testscript.LoginTest" name="verifyLoginwithValidUsernameAndInvalidPassword" time="18.324"/>
</testsuite> <!-- testscript.LoginTest -->
