<?xml version="1.0" encoding="UTF-8"?>
<testng-results ignored="0" total="1" passed="1" failed="0" skipped="0">
  <reporter-output>
  </reporter-output>
  <suite started-at="2026-08-18T21:22:51 IST" name="Suite" finished-at="2026-08-18T21:23:35 IST" duration-ms="44174">
    <groups>
    </groups>
    <test started-at="2026-08-18T21:22:51 IST" name="Test" finished-at="2026-08-18T21:23:35 IST" duration-ms="44174">
      <class name="testscript.AdminUsersTest">
        <test-method is-config="true" signature="browserInitialiser()[pri:0, instance:testscript.AdminUsersTest@117159c0]" started-at="2026-08-18T21:22:51 IST" name="browserInitialiser" finished-at="2026-08-18T21:23:08 IST" duration-ms="16835" status="PASS">
          <reporter-output>
          </reporter-output>
        </test-method> <!-- browserInitialiser -->
        <test-method signature="VerifyUserisAbletoCreateAdminUsers()[pri:0, instance:testscript.AdminUsersTest@117159c0]" started-at="2026-08-18T21:23:08 IST" name="VerifyUserisAbletoCreateAdminUsers" finished-at="2026-08-18T21:23:21 IST" duration-ms="13083" status="PASS">
          <reporter-output>
          </reporter-output>
        </test-method> <!-- VerifyUserisAbletoCreateAdminUsers -->
        <test-method is-config="true" signature="closeApplication()[pri:0, instance:testscript.AdminUsersTest@117159c0]" started-at="2026-08-18T21:23:21 IST" name="closeApplication" finished-at="2026-08-18T21:23:35 IST" duration-ms="14167" status="PASS">
          <reporter-output>
          </reporter-output>
        </test-method> <!-- closeApplication -->
      </class> <!-- testscript.AdminUsersTest -->
    </test> <!-- Test -->
  </suite> <!-- Suite -->
</testng-results>
